NLL err 	
 2.7647e+00	
 2.6541e+00	
 2.5386e+00	
 2.4460e+00	
 2.3045e+00	
 2.1889e+00	
 2.0511e+00	
 1.8794e+00	
 1.6952e+00	
 1.4720e+00	
 1.2297e+00	
 1.0331e+00	
 7.9474e-01	
 6.0540e-01	
 4.3625e-01	
 3.1806e-01	
 2.5059e-01	
 1.9360e-01	
 1.4162e-01	
 1.2008e-01	
 1.0305e-01	
 9.5397e-02	
 8.2897e-02	
 6.8924e-02	
 6.9058e-02	
 5.5281e-02	
 4.9518e-02	
 4.8102e-02	
 4.4881e-02	
 3.8802e-02	
 3.7906e-02	
 3.1587e-02	
 3.1706e-02	
 3.0157e-02	
 2.7819e-02	
 2.5949e-02	
 2.6012e-02	
 2.3207e-02	
 2.1298e-02	
 2.0985e-02	
 1.8586e-02	
 1.9682e-02	
 1.7614e-02	
 1.7419e-02	
 1.6331e-02	
 1.6162e-02	
 1.5543e-02	
 1.3883e-02	
 1.3526e-02	
 1.2983e-02	
 1.3551e-02	
 1.3897e-02	
 1.2264e-02	
 1.2261e-02	
 1.1433e-02	
 1.2674e-02	
 1.1925e-02	
 1.1178e-02	
 9.4067e-03	
 9.1798e-03	
 8.5895e-03	
 9.4549e-03	
 8.8251e-03	
 9.0059e-03	
 8.1063e-03	
 8.5480e-03	
 8.6774e-03	
 7.5638e-03	
 8.2989e-03	
 8.0928e-03	
 7.6392e-03	
 6.9179e-03	
 7.8804e-03	
 6.6384e-03	
 7.2986e-03	
 6.3787e-03	
 7.2838e-03	
 6.6385e-03	
 7.0050e-03	
 6.6205e-03	
 6.2633e-03	
 5.6828e-03	
 5.3440e-03	
 6.4155e-03	
 5.6290e-03	
 5.3038e-03	
 5.4456e-03	
 5.3582e-03	
 5.4830e-03	
 5.1882e-03	
 5.0998e-03	
 4.6111e-03	
 5.3589e-03	
 5.2759e-03	
 4.7989e-03	
 5.1277e-03	
 4.6577e-03	
 4.9729e-03	
 4.7223e-03	
 5.2082e-03	
